xacro: in-order processing became default in ROS Melodic. You can drop the option.
[33m[ WARN] [1634647842.849086809]: The root link base_link has an inertia specified in the URDF, but KDL does not support a root link with an inertia.  As a workaround, you can add an extra dummy link to your URDF.[0m
[33m[ WARN] [1634647845.206157837, 0.328000000]: DiffDrive(ns = //): missing <rosDebugLevel> default is na[0m
[33m[ WARN] [1634647845.215565230, 0.328000000]: DiffDrive(ns = //): missing <publishOdomTF> default is true[0m
[33m[ WARN] [1634647845.215857739, 0.328000000]: DiffDrive(ns = //): <odometrySource> no matching key to 1[0m
[0m[ INFO] [1634647843.806088328]: Finished loading Gazebo ROS API Plugin.[0m
[0m[ INFO] [1634647843.807467823]: waitForService: Service [/gazebo/set_physics_properties] has not been advertised, waiting...[0m
[0m[ INFO] [1634647844.162414916, 0.001000000]: waitForService: Service [/gazebo/set_physics_properties] is now available.[0m
[0m[ INFO] [1634647844.192347640, 0.028000000]: Physics dynamic reconfigure ready.[0m
[0m[ INFO] [1634647845.045055309, 0.328000000]: Camera Plugin: Using the 'robotNamespace' param: '/'[0m
[0m[ INFO] [1634647845.045243859, 0.328000000]: Camera Plugin: Using the 'robotNamespace' param: '/'[0m
[0m[ INFO] [1634647845.047340676, 0.328000000]: Camera Plugin (ns = /)  <tf_prefix_>, set to ""[0m
[0m[ INFO] [1634647845.047800410, 0.328000000]: Camera Plugin (ns = /)  <tf_prefix_>, set to ""[0m
[0m[ INFO] [1634647845.107223765, 0.328000000]: imu plugin missing <xyzOffset>, defaults to 0s[0m
[0m[ INFO] [1634647845.107382042, 0.328000000]: imu plugin missing <rpyOffset>, defaults to 0s[0m
[0m[ INFO] [1634647845.107496888, 0.328000000]: imu plugin missing <frameName>, defaults to <bodyName>[0m
[0m[ INFO] [1634647845.205811481, 0.328000000]: Starting plugin DiffDrive(ns = //)[0m
[0m[ INFO] [1634647845.214126973, 0.328000000]: DiffDrive(ns = //): <tf_prefix> = [0m
[31m[gazebo_gui-8] escalating to SIGTERM[0m
... logging to /home/mario/.ros/log/2afe8822-30db-11ec-92e9-41ea71e8f015/roslaunch-mario-virtualbox-29348.log
Checking log directory for disk usage. This may take a while.
Press Ctrl-C to interrupt
Done checking log file disk usage. Usage is <1GB.
]2;/home/mario/RoboticSpaceExploration/protobot_ws/src/protobot_bringup/launch/protobot_simulation.launch
[1mstarted roslaunch server http://mario-virtualbox:42607/[0m

SUMMARY
========

PARAMETERS
 * /gazebo/enable_ros_network: True
 * /robot_description: <?xml version="1....
 * /rosdistro: noetic
 * /rosversion: 1.15.13
 * /use_sim_time: True

NODES
  /
    gazebo (gazebo_ros/gzserver)
    gazebo_gui (gazebo_ros/gzclient)
    joint_state_publisher (joint_state_publisher/joint_state_publisher)
    robot_state_publisher (robot_state_publisher/robot_state_publisher)
    rviz (rviz/rviz)
    spawn_urdf (gazebo_ros/spawn_model)
    teleop (teleop_twist_keyboard/teleop_twist_keyboard.py)
    world_publisher (tf/static_transform_publisher)

auto-starting new master
[1mprocess[master]: started with pid [29358][0m
[1mROS_MASTER_URI=http://localhost:11311[0m
]2;/home/mario/RoboticSpaceExploration/protobot_ws/src/protobot_bringup/launch/protobot_simulation.launch http://localhost:11311
[1msetting /run_id to 2afe8822-30db-11ec-92e9-41ea71e8f015[0m
[1mprocess[rosout-1]: started with pid [29368][0m
started core service [/rosout]
[1mprocess[robot_state_publisher-2]: started with pid [29371][0m
[1mprocess[joint_state_publisher-3]: started with pid [29373][0m
[1mprocess[world_publisher-4]: started with pid [29376][0m
[1mprocess[rviz-5]: started with pid [29382][0m
[1mprocess[teleop-6]: started with pid [29386][0m
[1mprocess[gazebo-7]: started with pid [29390][0m
[1mprocess[gazebo_gui-8]: started with pid [29391][0m
[1mprocess[spawn_urdf-9]: started with pid [29394][0m
[1m[spawn_urdf-9] process has finished cleanly
log file: /home/mario/.ros/log/2afe8822-30db-11ec-92e9-41ea71e8f015/spawn_urdf-9*.log[0m
[gazebo_gui-8] killing on exit
[gazebo-7] killing on exit
[teleop-6] killing on exit
[world_publisher-4] killing on exit
[joint_state_publisher-3] killing on exit
[rviz-5] killing on exit
[robot_state_publisher-2] killing on exit
[rosout-1] killing on exit
[master] killing on exit
shutting down processing monitor...
... shutting down processing monitor complete
[1mdone[0m
